out/myWebRTC/gradle/modules/audio_device/audio_device_java/build/outputs/logs/manifest-merger-debug-report.txt
-- Merging decision tree log ---
manifest
ADDED from build\android\AndroidManifest.xml:15:1-20:12
INJECTED from build\android\AndroidManifest.xml:15:1-20:12
INJECTED from build\android\AndroidManifest.xml:15:1-20:12
	package
		ADDED from build\android\AndroidManifest.xml:16:5-24
		INJECTED from build\android\AndroidManifest.xml
		INJECTED from build\android\AndroidManifest.xml
	xmlns:android
		ADDED from build\android\AndroidManifest.xml:15:11-69
uses-sdk
ADDED from build\android\AndroidManifest.xml:18:5-74
	android:targetSdkVersion
		ADDED from build\android\AndroidManifest.xml:18:42-71
	android:minSdkVersion
		ADDED from build\android\AndroidManifest.xml:18:15-41